This is ApacheBench, Version 2.3 <$Revision: 1843412 $>
Copyright 1996 Adam Twiss, Zeus Technology Ltd, http://www.zeustech.net/
Licensed to The Apache Software Foundation, http://www.apache.org/

Benchmarking 10.0.2.100 (be patient)


Server Software:        nginx/1.25.3
Server Hostname:        10.0.2.100
Server Port:            80

Document Path:          /
Document Length:        615 bytes

Concurrency Level:      321
Time taken for tests:   0.189 seconds
Complete requests:      20000
Failed requests:        0
Keep-Alive requests:    20000
Total transferred:      17060000 bytes
HTML transferred:       12300000 bytes
Requests per second:    105544.80 [#/sec] (mean)
Time per request:       3.041 [ms] (mean)
Time per request:       0.009 [ms] (mean, across all concurrent requests)
Transfer rate:          87919.64 [Kbytes/sec] received

Connection Times (ms)
              min  mean[+/-sd] median   max
Connect:        0    0   2.4      0      30
Processing:     0    2   1.3      2      31
Waiting:        0    2   1.3      2      10
Total:          0    3   3.1      2      38

Percentage of the requests served within a certain time (ms)
  50%      2
  66%      2
  75%      3
  80%      3
  90%      4
  95%      5
  98%      9
  99%     21
 100%     38 (longest request)
