This is ApacheBench, Version 2.3 <$Revision: 1843412 $>
Copyright 1996 Adam Twiss, Zeus Technology Ltd, http://www.zeustech.net/
Licensed to The Apache Software Foundation, http://www.apache.org/

Benchmarking 10.0.2.100 (be patient)
Completed 2000 requests
Completed 4000 requests
Completed 6000 requests
Completed 8000 requests
Completed 10000 requests
Completed 12000 requests
Completed 14000 requests
Completed 16000 requests
Completed 18000 requests
Completed 20000 requests
Finished 20000 requests


Server Software:        nginx/1.25.3
Server Hostname:        10.0.2.100
Server Port:            80

Document Path:          /
Document Length:        615 bytes

Concurrency Level:      321
Time taken for tests:   0.163 seconds
Complete requests:      20000
Failed requests:        0
Keep-Alive requests:    20000
Total transferred:      17060000 bytes
HTML transferred:       12300000 bytes
Requests per second:    122711.43 [#/sec] (mean)
Time per request:       2.616 [ms] (mean)
Time per request:       0.008 [ms] (mean, across all concurrent requests)
Transfer rate:          102219.58 [Kbytes/sec] received

Connection Times (ms)
              min  mean[+/-sd] median   max
Connect:        0    0   1.5      0      19
Processing:     0    2   1.0      2      20
Waiting:        0    2   0.9      2       8
Total:          0    2   1.9      2      23

Percentage of the requests served within a certain time (ms)
  50%      2
  66%      2
  75%      3
  80%      3
  90%      4
  95%      4
  98%      6
  99%     13
 100%     23 (longest request)
